[13:07:31] [ServerMain/INFO]: Environment: Environment[accountsHost=https://api.mojang.com, sessionHost=https://sessionserver.mojang.com, servicesHost=https://api.minecraftservices.com, name=PROD]
[13:07:32] [ServerMain/INFO]: Loaded 1174 recipes
[13:07:32] [ServerMain/INFO]: Loaded 1271 advancements
[13:07:32] [Server thread/INFO]: Starting minecraft server version 1.20.2
[13:07:32] [Server thread/INFO]: Loading properties
[13:07:33] [Server thread/INFO]: This server is running Paper version git-Paper-318 (MC: 1.20.2) (Implementing API version 1.20.2-R0.1-SNAPSHOT) (Git: 9271ee7)
[13:07:33] [Server thread/INFO]: Server Ping Player Sample Count: 12
[13:07:33] [Server thread/INFO]: Using 4 threads for Netty based IO
[13:07:33] [Server thread/WARN]: [!] The timings profiler has been enabled but has been scheduled for removal from Paper in the future.
    We recommend installing the spark profiler as a replacement: https://spark.lucko.me/
    For more information please visit: https://github.com/PaperMC/Paper/issues/8948
[13:07:33] [Server thread/INFO]: [ChunkTaskScheduler] Chunk system is using 1 I/O threads, 1 worker threads, and gen parallelism of 1 threads
[13:07:34] [Server thread/INFO]: Default game type: SURVIVAL
[13:07:34] [Server thread/INFO]: Generating keypair
[13:07:34] [Server thread/INFO]: Starting Minecraft server on *:25565
[13:07:34] [Server thread/INFO]: Using epoll channel type
[13:07:34] [Server thread/INFO]: Paper: Using libdeflate (Linux x86_64) compression from Velocity.
[13:07:34] [Server thread/INFO]: Paper: Using OpenSSL 3.0.x (Linux x86_64) cipher from Velocity.
[13:07:34] [Server thread/INFO]: [ViaVersion] Loading server plugin ViaVersion v4.9.3
[13:07:34] [Server thread/INFO]: [ViaVersion] ViaVersion 4.9.3 is now loaded. Registering protocol transformers and injecting...
[13:07:34] [Via-Mappingloader-0/INFO]: [ViaVersion] Loading block connection mappings ...
[13:07:35] [Server thread/INFO]: [ViaBackwards] Loading translations...
[13:07:35] [Via-Mappingloader-0/INFO]: [ViaVersion] Using FastUtil Long2ObjectOpenHashMap for block connections
[13:07:35] [Server thread/INFO]: [ViaBackwards] Registering protocols...
[13:07:35] [Server thread/INFO]: [ViaBackwards] Loading server plugin ViaBackwards v4.9.2
[13:07:35] [Server thread/INFO]: Server permissions file permissions.yml is empty, ignoring it
[13:07:35] [Server thread/WARN]: **** SERVER IS RUNNING IN OFFLINE/INSECURE MODE!
[13:07:35] [Server thread/WARN]: The server will make no attempt to authenticate usernames. Beware.
[13:07:35] [Server thread/WARN]: While this makes the game possible to play without internet access, it also opens up the ability for hackers to connect with any username they choose.
[13:07:35] [Server thread/WARN]: To change this, set "online-mode" to "true" in the server.properties file.
[13:07:35] [Server thread/INFO]: Preparing level "world"
[13:07:36] [Server thread/INFO]: Preparing start region for dimension minecraft:overworld
[13:07:36] [Server thread/INFO]: Time elapsed: 299 ms
[13:07:36] [Server thread/INFO]: Preparing start region for dimension minecraft:the_nether
[13:07:36] [Server thread/INFO]: Time elapsed: 77 ms
[13:07:36] [Server thread/INFO]: Preparing start region for dimension minecraft:the_end
[13:07:36] [Server thread/INFO]: Time elapsed: 63 ms
[13:07:36] [Server thread/INFO]: [ViaVersion] Enabling ViaVersion v4.9.3
[13:07:37] [Server thread/INFO]: [ViaVersion] ViaVersion detected server version: 1.20.2 (764)
[13:07:37] [Server thread/INFO]: [ViaBackwards] Enabling ViaBackwards v4.9.2
[13:07:37] [Server thread/INFO]: Running delayed init tasks
[13:07:37] [Server thread/INFO]: Done (4.255s)! For help, type "help"
[13:07:37] [Server thread/INFO]: Timings Reset
[13:07:37] [Craft Scheduler Thread - 2 - ViaVersion/INFO]: [ViaVersion] Finished mapping loading, shutting down loader executor!
[13:07:37] [Server thread/WARN]: [ViaVersion] There is a newer plugin version available: 4.10.2, you're on: 4.9.3
